<?xml version="1.0" encoding="UTF-8"?>
<!-- Generated by org.testng.reporters.JUnitXMLReporter -->
<testsuite ignored="0" hostname="Rmaster90" failures="0" tests="4" name="Default test" time="19.916" errors="0" timestamp="2022-02-20T16:07:11 IRST">
  <testcase classname="Testcases.Responsive" name="validateResponsive" time="7.53"/>
  <testcase classname="Testcases.Responsive" name="validateResponsive" time="4.593"/>
  <testcase classname="Testcases.Responsive" name="validateResponsive" time="3.925"/>
  <testcase classname="Testcases.Responsive" name="validateResponsive" time="3.843"/>
</testsuite> <!-- Default test -->
