<?xml version="1.0" encoding="UTF-8"?>
<testng-results ignored="0" total="4" passed="4" failed="0" skipped="0">
  <reporter-output>
  </reporter-output>
  <suite started-at="2022-02-20T16:06:51 IRST" name="Default suite" finished-at="2022-02-20T16:07:11 IRST" duration-ms="19916">
    <groups>
    </groups>
    <test started-at="2022-02-20T16:06:51 IRST" name="Default test" finished-at="2022-02-20T16:07:11 IRST" duration-ms="19916">
      <class name="Testcases.Responsive">
        <test-method signature="validateResponsive(java.lang.String,int,int)[pri:0, instance:Testcases.Responsive@2ed2d9cb]" started-at="2022-02-20T16:06:51 IRST" name="validateResponsive" data-provider="mobileEmulations" finished-at="2022-02-20T16:06:59 IRST" duration-ms="7530" status="PASS">
          <params>
            <param index="0">
              <value>
                <![CDATA[iPad Mini]]>
              </value>
            </param>
            <param index="1">
              <value>
                <![CDATA[768]]>
              </value>
            </param>
            <param index="2">
              <value>
                <![CDATA[1024]]>
              </value>
            </param>
          </params>
          <reporter-output>
          </reporter-output>
        </test-method> <!-- validateResponsive -->
        <test-method signature="validateResponsive(java.lang.String,int,int)[pri:0, instance:Testcases.Responsive@2ed2d9cb]" started-at="2022-02-20T16:06:59 IRST" name="validateResponsive" data-provider="mobileEmulations" finished-at="2022-02-20T16:07:03 IRST" duration-ms="4593" status="PASS">
          <params>
            <param index="0">
              <value>
                <![CDATA[iPhone X]]>
              </value>
            </param>
            <param index="1">
              <value>
                <![CDATA[375]]>
              </value>
            </param>
            <param index="2">
              <value>
                <![CDATA[812]]>
              </value>
            </param>
          </params>
          <reporter-output>
          </reporter-output>
        </test-method> <!-- validateResponsive -->
        <test-method signature="validateResponsive(java.lang.String,int,int)[pri:0, instance:Testcases.Responsive@2ed2d9cb]" started-at="2022-02-20T16:07:03 IRST" name="validateResponsive" data-provider="mobileEmulations" finished-at="2022-02-20T16:07:07 IRST" duration-ms="3925" status="PASS">
          <params>
            <param index="0">
              <value>
                <![CDATA[Nexus 5]]>
              </value>
            </param>
            <param index="1">
              <value>
                <![CDATA[360]]>
              </value>
            </param>
            <param index="2">
              <value>
                <![CDATA[640]]>
              </value>
            </param>
          </params>
          <reporter-output>
          </reporter-output>
        </test-method> <!-- validateResponsive -->
        <test-method signature="validateResponsive(java.lang.String,int,int)[pri:0, instance:Testcases.Responsive@2ed2d9cb]" started-at="2022-02-20T16:07:07 IRST" name="validateResponsive" data-provider="mobileEmulations" finished-at="2022-02-20T16:07:11 IRST" duration-ms="3843" status="PASS">
          <params>
            <param index="0">
              <value>
                <![CDATA[Pixel 2]]>
              </value>
            </param>
            <param index="1">
              <value>
                <![CDATA[411]]>
              </value>
            </param>
            <param index="2">
              <value>
                <![CDATA[731]]>
              </value>
            </param>
          </params>
          <reporter-output>
          </reporter-output>
        </test-method> <!-- validateResponsive -->
      </class> <!-- Testcases.Responsive -->
    </test> <!-- Default test -->
  </suite> <!-- Default suite -->
</testng-results>
